000 (154739.032.000) 2022-10-08 23:48:53 Job submitted from host: <192.168.1.1:9618?addrs=192.168.1.1-9618&alias=farm.phy.pku.edu.cn&noUDP&sock=schedd_2747_cabf>
...
040 (154739.032.000) 2022-10-08 23:49:06 Started transferring input files
	Transferring to host: <192.168.1.105:9618?addrs=192.168.1.105-9618&alias=node05.phy.pku.edu.cn&noUDP&sock=slot23_3772_7712_25>
...
040 (154739.032.000) 2022-10-08 23:49:06 Finished transferring input files
...
001 (154739.032.000) 2022-10-08 23:49:07 Job executing on host: <192.168.1.105:9618?addrs=192.168.1.105-9618&alias=node05.phy.pku.edu.cn&noUDP&sock=startd_3217_2c43>
...
006 (154739.032.000) 2022-10-08 23:49:15 Image size of job updated: 2004800
	1  -  MemoryUsage of job (MB)
	296  -  ResidentSetSize of job (KB)
...
040 (154739.032.000) 2022-10-08 23:50:41 Started transferring output files
...
040 (154739.032.000) 2022-10-08 23:50:41 Finished transferring output files
...
005 (154739.032.000) 2022-10-08 23:50:41 Job terminated.
	(1) Normal termination (return value 1)
		Usr 0 00:00:01, Sys 0 00:00:00  -  Run Remote Usage
		Usr 0 00:00:00, Sys 0 00:00:00  -  Run Local Usage
		Usr 0 00:00:01, Sys 0 00:00:00  -  Total Remote Usage
		Usr 0 00:00:00, Sys 0 00:00:00  -  Total Local Usage
	4252  -  Run Bytes Sent By Job
	3152  -  Run Bytes Received By Job
	4252  -  Total Bytes Sent By Job
	3152  -  Total Bytes Received By Job
	Partitionable Resources :    Usage  Request Allocated 
	   Cpus                 :                 1         1 
	   Disk (KB)            :       17        4   5202954 
	   Memory (MB)          :        1        1      2473 

	Job terminated of its own accord at 2022-10-08T15:50:41Z with exit-code 1.
...
