000 (154739.074.000) 2022-10-08 23:48:53 Job submitted from host: <192.168.1.1:9618?addrs=192.168.1.1-9618&alias=farm.phy.pku.edu.cn&noUDP&sock=schedd_2747_cabf>
...
040 (154739.074.000) 2022-10-08 23:49:10 Started transferring input files
	Transferring to host: <192.168.1.105:9618?addrs=192.168.1.105-9618&alias=node05.phy.pku.edu.cn&noUDP&sock=slot65_3772_7712_66>
...
040 (154739.074.000) 2022-10-08 23:49:10 Finished transferring input files
...
001 (154739.074.000) 2022-10-08 23:49:11 Job executing on host: <192.168.1.105:9618?addrs=192.168.1.105-9618&alias=node05.phy.pku.edu.cn&noUDP&sock=startd_3217_2c43>
...
006 (154739.074.000) 2022-10-08 23:49:20 Image size of job updated: 2004784
	1  -  MemoryUsage of job (MB)
	300  -  ResidentSetSize of job (KB)
...
040 (154739.074.000) 2022-10-09 00:01:28 Started transferring output files
...
040 (154739.074.000) 2022-10-09 00:01:28 Finished transferring output files
...
005 (154739.074.000) 2022-10-09 00:01:28 Job terminated.
	(1) Normal termination (return value 1)
		Usr 0 00:00:01, Sys 0 00:00:00  -  Run Remote Usage
		Usr 0 00:00:00, Sys 0 00:00:00  -  Run Local Usage
		Usr 0 00:00:01, Sys 0 00:00:00  -  Total Remote Usage
		Usr 0 00:00:00, Sys 0 00:00:00  -  Total Local Usage
	4247  -  Run Bytes Sent By Job
	3145  -  Run Bytes Received By Job
	4247  -  Total Bytes Sent By Job
	3145  -  Total Bytes Received By Job
	Partitionable Resources :    Usage  Request Allocated 
	   Cpus                 :        0        1         1 
	   Disk (KB)            :       22        4   5202954 
	   Memory (MB)          :        1        1      2473 

	Job terminated of its own accord at 2022-10-08T16:01:28Z with exit-code 1.
...
