000 (154739.004.000) 2022-10-08 23:48:53 Job submitted from host: <192.168.1.1:9618?addrs=192.168.1.1-9618&alias=farm.phy.pku.edu.cn&noUDP&sock=schedd_2747_cabf>
...
040 (154739.004.000) 2022-10-08 23:49:10 Started transferring input files
	Transferring to host: <192.168.1.106:9618?addrs=192.168.1.106-9618&alias=node06.phy.pku.edu.cn&noUDP&sock=slot99_3810_3d54_101>
...
040 (154739.004.000) 2022-10-08 23:49:10 Finished transferring input files
...
001 (154739.004.000) 2022-10-08 23:49:11 Job executing on host: <192.168.1.106:9618?addrs=192.168.1.106-9618&alias=node06.phy.pku.edu.cn&noUDP&sock=startd_3291_ee45>
...
006 (154739.004.000) 2022-10-08 23:49:20 Image size of job updated: 2004800
	1  -  MemoryUsage of job (MB)
	300  -  ResidentSetSize of job (KB)
...
040 (154739.004.000) 2022-10-09 00:03:34 Started transferring output files
...
040 (154739.004.000) 2022-10-09 00:03:34 Finished transferring output files
...
005 (154739.004.000) 2022-10-09 00:03:35 Job terminated.
	(1) Normal termination (return value 1)
		Usr 0 00:00:01, Sys 0 00:00:00  -  Run Remote Usage
		Usr 0 00:00:00, Sys 0 00:00:00  -  Run Local Usage
		Usr 0 00:00:01, Sys 0 00:00:00  -  Total Remote Usage
		Usr 0 00:00:00, Sys 0 00:00:00  -  Total Local Usage
	4253  -  Run Bytes Sent By Job
	3151  -  Run Bytes Received By Job
	4253  -  Total Bytes Sent By Job
	3151  -  Total Bytes Received By Job
	Partitionable Resources :    Usage  Request Allocated 
	   Cpus                 :        0        1         1 
	   Disk (KB)            :       22        4   5178274 
	   Memory (MB)          :        1        1      2473 

	Job terminated of its own accord at 2022-10-08T16:03:34Z with exit-code 1.
...
