000 (154737.031.000) 2022-10-08 23:48:39 Job submitted from host: <192.168.1.1:9618?addrs=192.168.1.1-9618&alias=farm.phy.pku.edu.cn&noUDP&sock=schedd_2747_cabf>
...
040 (154737.031.000) 2022-10-08 23:48:47 Started transferring input files
	Transferring to host: <192.168.1.103:9618?addrs=192.168.1.103-9618&alias=node03.phy.pku.edu.cn&noUDP&sock=slot64_3233_b0dd_149>
...
040 (154737.031.000) 2022-10-08 23:48:47 Finished transferring input files
...
001 (154737.031.000) 2022-10-08 23:48:48 Job executing on host: <192.168.1.103:9618?addrs=192.168.1.103-9618&alias=node03.phy.pku.edu.cn&noUDP&sock=startd_2720_45b1>
...
006 (154737.031.000) 2022-10-08 23:48:56 Image size of job updated: 2004800
	1  -  MemoryUsage of job (MB)
	296  -  ResidentSetSize of job (KB)
...
040 (154737.031.000) 2022-10-09 00:02:21 Started transferring output files
...
040 (154737.031.000) 2022-10-09 00:02:21 Finished transferring output files
...
005 (154737.031.000) 2022-10-09 00:02:21 Job terminated.
	(1) Normal termination (return value 1)
		Usr 0 00:00:01, Sys 0 00:00:00  -  Run Remote Usage
		Usr 0 00:00:00, Sys 0 00:00:00  -  Run Local Usage
		Usr 0 00:00:01, Sys 0 00:00:00  -  Total Remote Usage
		Usr 0 00:00:00, Sys 0 00:00:00  -  Total Local Usage
	3358  -  Run Bytes Sent By Job
	2913  -  Run Bytes Received By Job
	3358  -  Total Bytes Sent By Job
	2913  -  Total Bytes Received By Job
	Partitionable Resources :    Usage  Request Allocated 
	   Cpus                 :        0        1         1 
	   Disk (KB)            :       21        3   2532361 
	   Memory (MB)          :        1        1      1787 

	Job terminated of its own accord at 2022-10-08T16:02:57Z with exit-code 1.
...
