000 (154737.000.000) 2022-10-08 23:48:39 Job submitted from host: <192.168.1.1:9618?addrs=192.168.1.1-9618&alias=farm.phy.pku.edu.cn&noUDP&sock=schedd_2747_cabf>
...
040 (154737.000.000) 2022-10-08 23:48:44 Started transferring input files
	Transferring to host: <192.168.1.103:9618?addrs=192.168.1.103-9618&alias=node03.phy.pku.edu.cn&noUDP&sock=slot31_3233_b0dd_118>
...
040 (154737.000.000) 2022-10-08 23:48:44 Finished transferring input files
...
001 (154737.000.000) 2022-10-08 23:48:45 Job executing on host: <192.168.1.103:9618?addrs=192.168.1.103-9618&alias=node03.phy.pku.edu.cn&noUDP&sock=startd_2720_45b1>
...
006 (154737.000.000) 2022-10-08 23:48:54 Image size of job updated: 2004800
	1  -  MemoryUsage of job (MB)
	296  -  ResidentSetSize of job (KB)
...
040 (154737.000.000) 2022-10-08 23:51:18 Started transferring output files
...
040 (154737.000.000) 2022-10-08 23:51:18 Finished transferring output files
...
005 (154737.000.000) 2022-10-08 23:51:18 Job terminated.
	(1) Normal termination (return value 1)
		Usr 0 00:00:01, Sys 0 00:00:00  -  Run Remote Usage
		Usr 0 00:00:00, Sys 0 00:00:00  -  Run Local Usage
		Usr 0 00:00:01, Sys 0 00:00:00  -  Total Remote Usage
		Usr 0 00:00:00, Sys 0 00:00:00  -  Total Local Usage
	3356  -  Run Bytes Sent By Job
	2910  -  Run Bytes Received By Job
	3356  -  Total Bytes Sent By Job
	2910  -  Total Bytes Received By Job
	Partitionable Resources :    Usage  Request Allocated 
	   Cpus                 :                 1         1 
	   Disk (KB)            :       16        3   2532361 
	   Memory (MB)          :        1        1      1787 

	Job terminated of its own accord at 2022-10-08T15:51:54Z with exit-code 1.
...
