000 (154737.133.000) 2022-10-08 23:48:39 Job submitted from host: <192.168.1.1:9618?addrs=192.168.1.1-9618&alias=farm.phy.pku.edu.cn&noUDP&sock=schedd_2747_cabf>
...
040 (154737.133.000) 2022-10-08 23:48:47 Started transferring input files
	Transferring to host: <192.168.1.106:9618?addrs=192.168.1.106-9618&alias=node06.phy.pku.edu.cn&noUDP&sock=slot38_3810_3d54_41>
...
040 (154737.133.000) 2022-10-08 23:48:47 Finished transferring input files
...
001 (154737.133.000) 2022-10-08 23:48:48 Job executing on host: <192.168.1.106:9618?addrs=192.168.1.106-9618&alias=node06.phy.pku.edu.cn&noUDP&sock=startd_3291_ee45>
...
006 (154737.133.000) 2022-10-08 23:48:56 Image size of job updated: 296
	1  -  MemoryUsage of job (MB)
	296  -  ResidentSetSize of job (KB)
...
006 (154737.133.000) 2022-10-08 23:53:56 Image size of job updated: 16056
	1  -  MemoryUsage of job (MB)
	296  -  ResidentSetSize of job (KB)
...
006 (154737.133.000) 2022-10-08 23:58:56 Image size of job updated: 572104
	1  -  MemoryUsage of job (MB)
	308  -  ResidentSetSize of job (KB)
...
040 (154737.133.000) 2022-10-09 00:00:12 Started transferring output files
...
040 (154737.133.000) 2022-10-09 00:00:12 Finished transferring output files
...
005 (154737.133.000) 2022-10-09 00:00:12 Job terminated.
	(1) Normal termination (return value 1)
		Usr 0 00:00:01, Sys 0 00:00:00  -  Run Remote Usage
		Usr 0 00:00:00, Sys 0 00:00:00  -  Run Local Usage
		Usr 0 00:00:01, Sys 0 00:00:00  -  Total Remote Usage
		Usr 0 00:00:00, Sys 0 00:00:00  -  Total Local Usage
	3354  -  Run Bytes Sent By Job
	2907  -  Run Bytes Received By Job
	3354  -  Total Bytes Sent By Job
	2907  -  Total Bytes Received By Job
	Partitionable Resources :    Usage  Request Allocated 
	   Cpus                 :        0        1         1 
	   Disk (KB)            :       21        3   5178274 
	   Memory (MB)          :        1        1      2473 

	Job terminated of its own accord at 2022-10-08T16:00:12Z with exit-code 1.
...
