Proxy not found: /home/pku/fudawei/.proxy (No such file or directory)
(Davix::OpenSSL) Error: impossible to open /home/pku/fudawei/.proxy:  : error:02001002:system library:fopen:No such file or directory
(Davix::OpenSSL) Error: impossible to open /home/pku/fudawei/.proxy:  : error:02001002:system library:fopen:No such file or directory
gfal-copy error: 1 (Operation not permitted) - Could not stat the source: HTTP 403 : Permission refused 
(Davix::OpenSSL) Error: impossible to open /home/pku/fudawei/.proxy:  : error:02001002:system library:fopen:No such file or directory
(Davix::OpenSSL) Error: impossible to open /home/pku/fudawei/.proxy:  : error:02001002:system library:fopen:No such file or directory
gfal-copy error: 1 (Operation not permitted) - Could not stat the source: HTTP 403 : Permission refused 
(Davix::OpenSSL) Error: impossible to open /home/pku/fudawei/.proxy:  : error:02001002:system library:fopen:No such file or directory
(Davix::OpenSSL) Error: impossible to open /home/pku/fudawei/.proxy:  : error:02001002:system library:fopen:No such file or directory
gfal-copy error: 13 (Permission denied) - Could not stat the source: Result HTTP 401 : Authentification Error  after 1 attempts
(Davix::OpenSSL) Error: impossible to open /home/pku/fudawei/.proxy:  : error:02001002:system library:fopen:No such file or directory
(Davix::OpenSSL) Error: impossible to open /home/pku/fudawei/.proxy:  : error:02001002:system library:fopen:No such file or directory
gfal-copy error: 112 (Host is down) - Could not stat the source: Result Could not connect to server after 1 attempts
(Davix::OpenSSL) Error: impossible to open /home/pku/fudawei/.proxy:  : error:02001002:system library:fopen:No such file or directory
(Davix::OpenSSL) Error: impossible to open /home/pku/fudawei/.proxy:  : error:02001002:system library:fopen:No such file or directory
gfal-copy error: 2 (No such file or directory) - Could not open destination: errno reported by local system call No such file or directory
(Davix::OpenSSL) Error: impossible to open /home/pku/fudawei/.proxy:  : error:02001002:system library:fopen:No such file or directory
(Davix::OpenSSL) Error: impossible to open /home/pku/fudawei/.proxy:  : error:02001002:system library:fopen:No such file or directory
gfal-copy error: 1 (Operation not permitted) - Could not stat the source: HTTP 403 : Permission refused 
gfal-copy error: 70 (Communication error on send) - Could not stat the source: srm-ifce err: Communication error on send, err: [SE][Ls][] httpg://cmsdcatape.fnal.gov:8443/srm/managerv2: CGSI-gSOAP running on node03.phy.pku.edu.cn reports No such file or directory

gfal-sum error: 2 (No such file or directory) - errno reported by local system call No such file or directory
/var/lib/condor/execute/dir_43488/condor_exec.exe: line 27: [: =: unary operator expected
