000 (154737.041.000) 2022-10-08 23:48:39 Job submitted from host: <192.168.1.1:9618?addrs=192.168.1.1-9618&alias=farm.phy.pku.edu.cn&noUDP&sock=schedd_2747_cabf>
...
040 (154737.041.000) 2022-10-08 23:48:43 Started transferring input files
	Transferring to host: <192.168.1.101:9618?addrs=192.168.1.101-9618&alias=node01.phy.pku.edu.cn&noUDP&sock=slot2_2988_10f3_4>
...
040 (154737.041.000) 2022-10-08 23:48:43 Finished transferring input files
...
001 (154737.041.000) 2022-10-08 23:48:44 Job executing on host: <192.168.1.101:9618?addrs=192.168.1.101-9618&alias=node01.phy.pku.edu.cn&noUDP&sock=startd_2468_6bd3>
...
006 (154737.041.000) 2022-10-08 23:48:52 Image size of job updated: 2070564
	1  -  MemoryUsage of job (MB)
	300  -  ResidentSetSize of job (KB)
...
006 (154737.041.000) 2022-10-08 23:53:52 Image size of job updated: 2070564
	10  -  MemoryUsage of job (MB)
	10100  -  ResidentSetSize of job (KB)
...
040 (154737.041.000) 2022-10-08 23:55:08 Started transferring output files
...
040 (154737.041.000) 2022-10-08 23:55:08 Finished transferring output files
...
005 (154737.041.000) 2022-10-08 23:55:08 Job terminated.
	(1) Normal termination (return value 1)
		Usr 0 00:00:01, Sys 0 00:00:00  -  Run Remote Usage
		Usr 0 00:00:00, Sys 0 00:00:00  -  Run Local Usage
		Usr 0 00:00:01, Sys 0 00:00:00  -  Total Remote Usage
		Usr 0 00:00:00, Sys 0 00:00:00  -  Total Local Usage
	3356  -  Run Bytes Sent By Job
	2911  -  Run Bytes Received By Job
	3356  -  Total Bytes Sent By Job
	2911  -  Total Bytes Received By Job
	Partitionable Resources :    Usage  Request Allocated 
	   Cpus                 :        0        1         1 
	   Disk (KB)            :       21        3   9610055 
	   Memory (MB)          :       10        1      2297 

	Job terminated of its own accord at 2022-10-08T15:55:38Z with exit-code 1.
...
