000 (154740.034.000) 2022-10-08 23:48:58 Job submitted from host: <192.168.1.1:9618?addrs=192.168.1.1-9618&alias=farm.phy.pku.edu.cn&noUDP&sock=schedd_2747_cabf>
...
040 (154740.034.000) 2022-10-08 23:50:26 Started transferring input files
	Transferring to host: <192.168.1.101:9618?addrs=192.168.1.101-9618&alias=node01.phy.pku.edu.cn&noUDP&sock=slot21_2988_10f3_59>
...
040 (154740.034.000) 2022-10-08 23:50:26 Finished transferring input files
...
001 (154740.034.000) 2022-10-08 23:50:27 Job executing on host: <192.168.1.101:9618?addrs=192.168.1.101-9618&alias=node01.phy.pku.edu.cn&noUDP&sock=startd_2468_6bd3>
...
006 (154740.034.000) 2022-10-08 23:50:37 Image size of job updated: 16056
	1  -  MemoryUsage of job (MB)
	296  -  ResidentSetSize of job (KB)
...
006 (154740.034.000) 2022-10-08 23:53:44 Image size of job updated: 572104
	1  -  MemoryUsage of job (MB)
	296  -  ResidentSetSize of job (KB)
...
040 (154740.034.000) 2022-10-08 23:53:45 Started transferring output files
...
040 (154740.034.000) 2022-10-08 23:53:45 Finished transferring output files
...
005 (154740.034.000) 2022-10-08 23:53:45 Job terminated.
	(1) Normal termination (return value 1)
		Usr 0 00:00:01, Sys 0 00:00:00  -  Run Remote Usage
		Usr 0 00:00:00, Sys 0 00:00:00  -  Run Local Usage
		Usr 0 00:00:01, Sys 0 00:00:00  -  Total Remote Usage
		Usr 0 00:00:00, Sys 0 00:00:00  -  Total Local Usage
	3887  -  Run Bytes Sent By Job
	3127  -  Run Bytes Received By Job
	3887  -  Total Bytes Sent By Job
	3127  -  Total Bytes Received By Job
	Partitionable Resources :    Usage  Request Allocated 
	   Cpus                 :        0        1         1 
	   Disk (KB)            :       22        4   9610055 
	   Memory (MB)          :        1        1      2297 

	Job terminated of its own accord at 2022-10-08T15:54:14Z with exit-code 1.
...
