000 (154740.016.000) 2022-10-08 23:48:58 Job submitted from host: <192.168.1.1:9618?addrs=192.168.1.1-9618&alias=farm.phy.pku.edu.cn&noUDP&sock=schedd_2747_cabf>
...
040 (154740.016.000) 2022-10-08 23:49:14 Started transferring input files
	Transferring to host: <192.168.1.105:9618?addrs=192.168.1.105-9618&alias=node05.phy.pku.edu.cn&noUDP&sock=slot95_3772_7712_97>
...
040 (154740.016.000) 2022-10-08 23:49:14 Finished transferring input files
...
001 (154740.016.000) 2022-10-08 23:49:15 Job executing on host: <192.168.1.105:9618?addrs=192.168.1.105-9618&alias=node05.phy.pku.edu.cn&noUDP&sock=startd_3217_2c43>
...
006 (154740.016.000) 2022-10-08 23:49:23 Image size of job updated: 2004800
	1  -  MemoryUsage of job (MB)
	296  -  ResidentSetSize of job (KB)
...
006 (154740.016.000) 2022-10-08 23:54:23 Image size of job updated: 2004800
	11  -  MemoryUsage of job (MB)
	11056  -  ResidentSetSize of job (KB)
...
040 (154740.016.000) 2022-10-08 23:54:24 Started transferring output files
...
040 (154740.016.000) 2022-10-08 23:54:24 Finished transferring output files
...
005 (154740.016.000) 2022-10-08 23:54:24 Job terminated.
	(1) Normal termination (return value 1)
		Usr 0 00:00:01, Sys 0 00:00:00  -  Run Remote Usage
		Usr 0 00:00:00, Sys 0 00:00:00  -  Run Local Usage
		Usr 0 00:00:01, Sys 0 00:00:00  -  Total Remote Usage
		Usr 0 00:00:00, Sys 0 00:00:00  -  Total Local Usage
	3888  -  Run Bytes Sent By Job
	3134  -  Run Bytes Received By Job
	3888  -  Total Bytes Sent By Job
	3134  -  Total Bytes Received By Job
	Partitionable Resources :    Usage  Request Allocated 
	   Cpus                 :        0        1         1 
	   Disk (KB)            :       21        4   5202954 
	   Memory (MB)          :       11        1      2473 

	Job terminated of its own accord at 2022-10-08T15:54:24Z with exit-code 1.
...
