000 (154740.002.000) 2022-10-08 23:48:58 Job submitted from host: <192.168.1.1:9618?addrs=192.168.1.1-9618&alias=farm.phy.pku.edu.cn&noUDP&sock=schedd_2747_cabf>
...
040 (154740.002.000) 2022-10-08 23:49:12 Started transferring input files
	Transferring to host: <192.168.1.105:9618?addrs=192.168.1.105-9618&alias=node05.phy.pku.edu.cn&noUDP&sock=slot81_3772_7712_83>
...
040 (154740.002.000) 2022-10-08 23:49:12 Finished transferring input files
...
001 (154740.002.000) 2022-10-08 23:49:13 Job executing on host: <192.168.1.105:9618?addrs=192.168.1.105-9618&alias=node05.phy.pku.edu.cn&noUDP&sock=startd_3217_2c43>
...
006 (154740.002.000) 2022-10-08 23:49:22 Image size of job updated: 2070564
	1  -  MemoryUsage of job (MB)
	292  -  ResidentSetSize of job (KB)
...
040 (154740.002.000) 2022-10-08 23:55:15 Started transferring output files
...
040 (154740.002.000) 2022-10-08 23:55:15 Finished transferring output files
...
005 (154740.002.000) 2022-10-08 23:55:15 Job terminated.
	(1) Normal termination (return value 1)
		Usr 0 00:00:02, Sys 0 00:00:00  -  Run Remote Usage
		Usr 0 00:00:00, Sys 0 00:00:00  -  Run Local Usage
		Usr 0 00:00:02, Sys 0 00:00:00  -  Total Remote Usage
		Usr 0 00:00:00, Sys 0 00:00:00  -  Total Local Usage
	3888  -  Run Bytes Sent By Job
	3133  -  Run Bytes Received By Job
	3888  -  Total Bytes Sent By Job
	3133  -  Total Bytes Received By Job
	Partitionable Resources :    Usage  Request Allocated 
	   Cpus                 :        0        1         1 
	   Disk (KB)            :       21        4   5202954 
	   Memory (MB)          :        1        1      2473 

	Job terminated of its own accord at 2022-10-08T15:55:14Z with exit-code 1.
...
