000 (154740.037.000) 2022-10-08 23:48:58 Job submitted from host: <192.168.1.1:9618?addrs=192.168.1.1-9618&alias=farm.phy.pku.edu.cn&noUDP&sock=schedd_2747_cabf>
...
040 (154740.037.000) 2022-10-08 23:50:42 Started transferring input files
	Transferring to host: <192.168.1.103:9618?addrs=192.168.1.103-9618&alias=node03.phy.pku.edu.cn&noUDP&sock=slot56_3233_b0dd_163>
...
040 (154740.037.000) 2022-10-08 23:50:42 Finished transferring input files
...
001 (154740.037.000) 2022-10-08 23:50:43 Job executing on host: <192.168.1.103:9618?addrs=192.168.1.103-9618&alias=node03.phy.pku.edu.cn&noUDP&sock=startd_2720_45b1>
...
006 (154740.037.000) 2022-10-08 23:50:52 Image size of job updated: 16056
	1  -  MemoryUsage of job (MB)
	296  -  ResidentSetSize of job (KB)
...
006 (154740.037.000) 2022-10-08 23:59:50 Image size of job updated: 572144
	1  -  MemoryUsage of job (MB)
	296  -  ResidentSetSize of job (KB)
...
040 (154740.037.000) 2022-10-08 23:59:50 Started transferring output files
...
040 (154740.037.000) 2022-10-08 23:59:50 Finished transferring output files
...
005 (154740.037.000) 2022-10-08 23:59:51 Job terminated.
	(1) Normal termination (return value 1)
		Usr 0 00:00:02, Sys 0 00:00:00  -  Run Remote Usage
		Usr 0 00:00:00, Sys 0 00:00:00  -  Run Local Usage
		Usr 0 00:00:02, Sys 0 00:00:00  -  Total Remote Usage
		Usr 0 00:00:00, Sys 0 00:00:00  -  Total Local Usage
	3887  -  Run Bytes Sent By Job
	3127  -  Run Bytes Received By Job
	3887  -  Total Bytes Sent By Job
	3127  -  Total Bytes Received By Job
	Partitionable Resources :    Usage  Request Allocated 
	   Cpus                 :        0        1         1 
	   Disk (KB)            :       22        4   2532361 
	   Memory (MB)          :        1        1      1787 

	Job terminated of its own accord at 2022-10-08T16:00:26Z with exit-code 1.
...
