000 (154738.053.000) 2022-10-08 23:48:45 Job submitted from host: <192.168.1.1:9618?addrs=192.168.1.1-9618&alias=farm.phy.pku.edu.cn&noUDP&sock=schedd_2747_cabf>
...
040 (154738.053.000) 2022-10-08 23:49:05 Started transferring input files
	Transferring to host: <192.168.1.106:9618?addrs=192.168.1.106-9618&alias=node06.phy.pku.edu.cn&noUDP&sock=slot91_3810_3d54_61>
...
040 (154738.053.000) 2022-10-08 23:49:05 Finished transferring input files
...
001 (154738.053.000) 2022-10-08 23:49:06 Job executing on host: <192.168.1.106:9618?addrs=192.168.1.106-9618&alias=node06.phy.pku.edu.cn&noUDP&sock=startd_3291_ee45>
...
006 (154738.053.000) 2022-10-08 23:49:15 Image size of job updated: 2004800
	10  -  MemoryUsage of job (MB)
	9912  -  ResidentSetSize of job (KB)
...
040 (154738.053.000) 2022-10-08 23:50:50 Started transferring output files
...
040 (154738.053.000) 2022-10-08 23:50:50 Finished transferring output files
...
005 (154738.053.000) 2022-10-08 23:50:50 Job terminated.
	(1) Normal termination (return value 1)
		Usr 0 00:00:01, Sys 0 00:00:00  -  Run Remote Usage
		Usr 0 00:00:00, Sys 0 00:00:00  -  Run Local Usage
		Usr 0 00:00:01, Sys 0 00:00:00  -  Total Remote Usage
		Usr 0 00:00:00, Sys 0 00:00:00  -  Total Local Usage
	3684  -  Run Bytes Sent By Job
	2908  -  Run Bytes Received By Job
	3684  -  Total Bytes Sent By Job
	2908  -  Total Bytes Received By Job
	Partitionable Resources :    Usage  Request Allocated 
	   Cpus                 :                 1         1 
	   Disk (KB)            :       16        3   5178274 
	   Memory (MB)          :       10        1      2473 

	Job terminated of its own accord at 2022-10-08T15:50:50Z with exit-code 1.
...
