000 (154736.001.000) 2022-10-08 23:48:29 Job submitted from host: <192.168.1.1:9618?addrs=192.168.1.1-9618&alias=farm.phy.pku.edu.cn&noUDP&sock=schedd_2747_cabf>
...
040 (154736.001.000) 2022-10-08 23:48:42 Started transferring input files
	Transferring to host: <192.168.1.103:9618?addrs=192.168.1.103-9618&alias=node03.phy.pku.edu.cn&noUDP&sock=slot3_3233_b0dd_96>
...
040 (154736.001.000) 2022-10-08 23:48:42 Finished transferring input files
...
001 (154736.001.000) 2022-10-08 23:48:43 Job executing on host: <192.168.1.103:9618?addrs=192.168.1.103-9618&alias=node03.phy.pku.edu.cn&noUDP&sock=startd_2720_45b1>
...
006 (154736.001.000) 2022-10-08 23:48:52 Image size of job updated: 2007592
	1  -  MemoryUsage of job (MB)
	292  -  ResidentSetSize of job (KB)
...
006 (154736.001.000) 2022-10-08 23:53:52 Image size of job updated: 2007592
	10  -  MemoryUsage of job (MB)
	9828  -  ResidentSetSize of job (KB)
...
040 (154736.001.000) 2022-10-09 00:00:59 Started transferring output files
...
040 (154736.001.000) 2022-10-09 00:00:59 Finished transferring output files
...
005 (154736.001.000) 2022-10-09 00:00:59 Job terminated.
	(1) Normal termination (return value 1)
		Usr 0 00:00:02, Sys 0 00:00:00  -  Run Remote Usage
		Usr 0 00:00:00, Sys 0 00:00:00  -  Run Local Usage
		Usr 0 00:00:02, Sys 0 00:00:00  -  Total Remote Usage
		Usr 0 00:00:00, Sys 0 00:00:00  -  Total Local Usage
	3511  -  Run Bytes Sent By Job
	2935  -  Run Bytes Received By Job
	3511  -  Total Bytes Sent By Job
	2935  -  Total Bytes Received By Job
	Partitionable Resources :    Usage  Request Allocated 
	   Cpus                 :        0        1         1 
	   Disk (KB)            :       21        3   2532361 
	   Memory (MB)          :       10        1      1787 

	Job terminated of its own accord at 2022-10-08T16:01:35Z with exit-code 1.
...
