000 (154889.047.000) 2022-10-09 13:12:34 Job submitted from host: <192.168.1.1:9618?addrs=192.168.1.1-9618&alias=farm.phy.pku.edu.cn&noUDP&sock=schedd_2747_cabf>
...
040 (154889.047.000) 2022-10-09 13:12:53 Started transferring input files
	Transferring to host: <192.168.1.101:9618?addrs=192.168.1.101-9618&alias=node01.phy.pku.edu.cn&noUDP&sock=slot40_2988_10f3_850>
...
040 (154889.047.000) 2022-10-09 13:12:53 Finished transferring input files
...
001 (154889.047.000) 2022-10-09 13:12:54 Job executing on host: <192.168.1.101:9618?addrs=192.168.1.101-9618&alias=node01.phy.pku.edu.cn&noUDP&sock=startd_2468_6bd3>
...
006 (154889.047.000) 2022-10-09 13:13:02 Image size of job updated: 2070564
	1  -  MemoryUsage of job (MB)
	292  -  ResidentSetSize of job (KB)
...
040 (154889.047.000) 2022-10-09 13:15:57 Started transferring output files
...
040 (154889.047.000) 2022-10-09 13:15:57 Finished transferring output files
...
005 (154889.047.000) 2022-10-09 13:15:57 Job terminated.
	(1) Normal termination (return value 0)
		Usr 0 00:00:01, Sys 0 00:00:00  -  Run Remote Usage
		Usr 0 00:00:00, Sys 0 00:00:00  -  Run Local Usage
		Usr 0 00:00:01, Sys 0 00:00:00  -  Total Remote Usage
		Usr 0 00:00:00, Sys 0 00:00:00  -  Total Local Usage
	966  -  Run Bytes Sent By Job
	2655  -  Run Bytes Received By Job
	966  -  Total Bytes Sent By Job
	2655  -  Total Bytes Received By Job
	Partitionable Resources :    Usage  Request Allocated 
	   Cpus                 :     0.00        1         1 
	   Disk (KB)            :    18           3   9610055 
	   Memory (MB)          :     1           1      2297 

	Job terminated of its own accord at 2022-10-09T05:16:27Z with exit-code 0.
...
