000 (154889.064.000) 2022-10-09 13:12:34 Job submitted from host: <192.168.1.1:9618?addrs=192.168.1.1-9618&alias=farm.phy.pku.edu.cn&noUDP&sock=schedd_2747_cabf>
...
040 (154889.064.000) 2022-10-09 13:12:50 Started transferring input files
	Transferring to host: <192.168.1.106:9618?addrs=192.168.1.106-9618&alias=node06.phy.pku.edu.cn&noUDP&sock=slot1_3810_3d54_1444>
...
040 (154889.064.000) 2022-10-09 13:12:50 Finished transferring input files
...
001 (154889.064.000) 2022-10-09 13:12:51 Job executing on host: <192.168.1.106:9618?addrs=192.168.1.106-9618&alias=node06.phy.pku.edu.cn&noUDP&sock=startd_3291_ee45>
...
006 (154889.064.000) 2022-10-09 13:13:00 Image size of job updated: 2070564
	1  -  MemoryUsage of job (MB)
	296  -  ResidentSetSize of job (KB)
...
006 (154889.064.000) 2022-10-09 13:18:01 Image size of job updated: 2070564
	14  -  MemoryUsage of job (MB)
	13672  -  ResidentSetSize of job (KB)
...
040 (154889.064.000) 2022-10-09 13:21:34 Started transferring output files
...
040 (154889.064.000) 2022-10-09 13:21:34 Finished transferring output files
...
005 (154889.064.000) 2022-10-09 13:21:34 Job terminated.
	(1) Normal termination (return value 0)
		Usr 0 00:00:01, Sys 0 00:00:00  -  Run Remote Usage
		Usr 0 00:00:00, Sys 0 00:00:00  -  Run Local Usage
		Usr 0 00:00:01, Sys 0 00:00:00  -  Total Remote Usage
		Usr 0 00:00:00, Sys 0 00:00:00  -  Total Local Usage
	977  -  Run Bytes Sent By Job
	2643  -  Run Bytes Received By Job
	977  -  Total Bytes Sent By Job
	2643  -  Total Bytes Received By Job
	Partitionable Resources :    Usage  Request Allocated 
	   Cpus                 :     0.00        1         1 
	   Disk (KB)            :    18           3   5178274 
	   Memory (MB)          :    14           1      2473 

	Job terminated of its own accord at 2022-10-09T05:21:34Z with exit-code 0.
...
