000 (154743.049.000) 2022-10-08 23:49:15 Job submitted from host: <192.168.1.1:9618?addrs=192.168.1.1-9618&alias=farm.phy.pku.edu.cn&noUDP&sock=schedd_2747_cabf>
...
040 (154743.049.000) 2022-10-08 23:58:42 Started transferring input files
	Transferring to host: <192.168.1.106:9618?addrs=192.168.1.106-9618&alias=node06.phy.pku.edu.cn&noUDP&sock=slot47_3810_3d54_167>
...
040 (154743.049.000) 2022-10-08 23:58:42 Finished transferring input files
...
001 (154743.049.000) 2022-10-08 23:58:43 Job executing on host: <192.168.1.106:9618?addrs=192.168.1.106-9618&alias=node06.phy.pku.edu.cn&noUDP&sock=startd_3291_ee45>
...
006 (154743.049.000) 2022-10-08 23:58:51 Image size of job updated: 16056
	1  -  MemoryUsage of job (MB)
	300  -  ResidentSetSize of job (KB)
...
006 (154743.049.000) 2022-10-09 00:02:26 Image size of job updated: 572104
	1  -  MemoryUsage of job (MB)
	300  -  ResidentSetSize of job (KB)
...
040 (154743.049.000) 2022-10-09 00:02:26 Started transferring output files
...
040 (154743.049.000) 2022-10-09 00:02:26 Finished transferring output files
...
005 (154743.049.000) 2022-10-09 00:02:26 Job terminated.
	(1) Normal termination (return value 1)
		Usr 0 00:00:02, Sys 0 00:00:00  -  Run Remote Usage
		Usr 0 00:00:00, Sys 0 00:00:00  -  Run Local Usage
		Usr 0 00:00:02, Sys 0 00:00:00  -  Total Remote Usage
		Usr 0 00:00:00, Sys 0 00:00:00  -  Total Local Usage
	3311  -  Run Bytes Sent By Job
	3155  -  Run Bytes Received By Job
	3311  -  Total Bytes Sent By Job
	3155  -  Total Bytes Received By Job
	Partitionable Resources :    Usage  Request Allocated 
	   Cpus                 :                 1         1 
	   Disk (KB)            :       16        4   5178274 
	   Memory (MB)          :        1        1      2473 

	Job terminated of its own accord at 2022-10-08T16:02:26Z with exit-code 1.
...
