000 (154743.031.000) 2022-10-08 23:49:15 Job submitted from host: <192.168.1.1:9618?addrs=192.168.1.1-9618&alias=farm.phy.pku.edu.cn&noUDP&sock=schedd_2747_cabf>
...
040 (154743.031.000) 2022-10-08 23:57:32 Started transferring input files
	Transferring to host: <192.168.1.101:9618?addrs=192.168.1.101-9618&alias=node01.phy.pku.edu.cn&noUDP&sock=slot26_2988_10f3_85>
...
040 (154743.031.000) 2022-10-08 23:57:32 Finished transferring input files
...
001 (154743.031.000) 2022-10-08 23:57:33 Job executing on host: <192.168.1.101:9618?addrs=192.168.1.101-9618&alias=node01.phy.pku.edu.cn&noUDP&sock=startd_2468_6bd3>
...
006 (154743.031.000) 2022-10-08 23:57:41 Image size of job updated: 16056
	1  -  MemoryUsage of job (MB)
	292  -  ResidentSetSize of job (KB)
...
006 (154743.031.000) 2022-10-08 23:59:18 Image size of job updated: 572104
	1  -  MemoryUsage of job (MB)
	292  -  ResidentSetSize of job (KB)
...
040 (154743.031.000) 2022-10-08 23:59:18 Started transferring output files
...
040 (154743.031.000) 2022-10-08 23:59:18 Finished transferring output files
...
005 (154743.031.000) 2022-10-08 23:59:18 Job terminated.
	(1) Normal termination (return value 1)
		Usr 0 00:00:01, Sys 0 00:00:00  -  Run Remote Usage
		Usr 0 00:00:00, Sys 0 00:00:00  -  Run Local Usage
		Usr 0 00:00:01, Sys 0 00:00:00  -  Total Remote Usage
		Usr 0 00:00:00, Sys 0 00:00:00  -  Total Local Usage
	3311  -  Run Bytes Sent By Job
	3163  -  Run Bytes Received By Job
	3311  -  Total Bytes Sent By Job
	3163  -  Total Bytes Received By Job
	Partitionable Resources :    Usage  Request Allocated 
	   Cpus                 :        0        1         1 
	   Disk (KB)            :       21        4   9610055 
	   Memory (MB)          :        1        1      2297 

	Job terminated of its own accord at 2022-10-08T15:59:48Z with exit-code 1.
...
