000 (154743.044.000) 2022-10-08 23:49:15 Job submitted from host: <192.168.1.1:9618?addrs=192.168.1.1-9618&alias=farm.phy.pku.edu.cn&noUDP&sock=schedd_2747_cabf>
...
040 (154743.044.000) 2022-10-08 23:58:13 Started transferring input files
	Transferring to host: <192.168.1.106:9618?addrs=192.168.1.106-9618&alias=node06.phy.pku.edu.cn&noUDP&sock=slot44_3810_3d54_166>
...
040 (154743.044.000) 2022-10-08 23:58:13 Finished transferring input files
...
001 (154743.044.000) 2022-10-08 23:58:14 Job executing on host: <192.168.1.106:9618?addrs=192.168.1.106-9618&alias=node06.phy.pku.edu.cn&noUDP&sock=startd_3291_ee45>
...
006 (154743.044.000) 2022-10-08 23:58:23 Image size of job updated: 16056
	1  -  MemoryUsage of job (MB)
	296  -  ResidentSetSize of job (KB)
...
006 (154743.044.000) 2022-10-09 00:03:57 Image size of job updated: 572108
	1  -  MemoryUsage of job (MB)
	296  -  ResidentSetSize of job (KB)
...
040 (154743.044.000) 2022-10-09 00:03:57 Started transferring output files
...
040 (154743.044.000) 2022-10-09 00:03:57 Finished transferring output files
...
005 (154743.044.000) 2022-10-09 00:03:57 Job terminated.
	(1) Normal termination (return value 1)
		Usr 0 00:00:01, Sys 0 00:00:00  -  Run Remote Usage
		Usr 0 00:00:00, Sys 0 00:00:00  -  Run Local Usage
		Usr 0 00:00:01, Sys 0 00:00:00  -  Total Remote Usage
		Usr 0 00:00:00, Sys 0 00:00:00  -  Total Local Usage
	3311  -  Run Bytes Sent By Job
	3155  -  Run Bytes Received By Job
	3311  -  Total Bytes Sent By Job
	3155  -  Total Bytes Received By Job
	Partitionable Resources :    Usage  Request Allocated 
	   Cpus                 :        0        1         1 
	   Disk (KB)            :       21        4   5178274 
	   Memory (MB)          :        1        1      2473 

	Job terminated of its own accord at 2022-10-08T16:03:57Z with exit-code 1.
...
