000 (154743.001.000) 2022-10-08 23:49:15 Job submitted from host: <192.168.1.1:9618?addrs=192.168.1.1-9618&alias=farm.phy.pku.edu.cn&noUDP&sock=schedd_2747_cabf>
...
040 (154743.001.000) 2022-10-08 23:56:16 Started transferring input files
	Transferring to host: <192.168.1.106:9618?addrs=192.168.1.106-9618&alias=node06.phy.pku.edu.cn&noUDP&sock=slot64_3810_3d54_153>
...
040 (154743.001.000) 2022-10-08 23:56:16 Finished transferring input files
...
001 (154743.001.000) 2022-10-08 23:56:17 Job executing on host: <192.168.1.106:9618?addrs=192.168.1.106-9618&alias=node06.phy.pku.edu.cn&noUDP&sock=startd_3291_ee45>
...
006 (154743.001.000) 2022-10-08 23:56:26 Image size of job updated: 296
	1  -  MemoryUsage of job (MB)
	296  -  ResidentSetSize of job (KB)
...
006 (154743.001.000) 2022-10-09 00:01:26 Image size of job updated: 572104
	10  -  MemoryUsage of job (MB)
	10016  -  ResidentSetSize of job (KB)
...
040 (154743.001.000) 2022-10-09 00:01:38 Started transferring output files
...
040 (154743.001.000) 2022-10-09 00:01:38 Finished transferring output files
...
005 (154743.001.000) 2022-10-09 00:01:38 Job terminated.
	(1) Normal termination (return value 1)
		Usr 0 00:00:01, Sys 0 00:00:00  -  Run Remote Usage
		Usr 0 00:00:00, Sys 0 00:00:00  -  Run Local Usage
		Usr 0 00:00:01, Sys 0 00:00:00  -  Total Remote Usage
		Usr 0 00:00:00, Sys 0 00:00:00  -  Total Local Usage
	3311  -  Run Bytes Sent By Job
	3161  -  Run Bytes Received By Job
	3311  -  Total Bytes Sent By Job
	3161  -  Total Bytes Received By Job
	Partitionable Resources :    Usage  Request Allocated 
	   Cpus                 :        0        1         1 
	   Disk (KB)            :       21        4   5178274 
	   Memory (MB)          :       10        1      2473 

	Job terminated of its own accord at 2022-10-08T16:01:38Z with exit-code 1.
...
