000 (154741.050.000) 2022-10-08 23:49:03 Job submitted from host: <192.168.1.1:9618?addrs=192.168.1.1-9618&alias=farm.phy.pku.edu.cn&noUDP&sock=schedd_2747_cabf>
...
040 (154741.050.000) 2022-10-08 23:53:34 Started transferring input files
	Transferring to host: <192.168.1.103:9618?addrs=192.168.1.103-9618&alias=node03.phy.pku.edu.cn&noUDP&sock=slot41_3233_b0dd_175>
...
040 (154741.050.000) 2022-10-08 23:53:34 Finished transferring input files
...
001 (154741.050.000) 2022-10-08 23:53:35 Job executing on host: <192.168.1.103:9618?addrs=192.168.1.103-9618&alias=node03.phy.pku.edu.cn&noUDP&sock=startd_2720_45b1>
...
006 (154741.050.000) 2022-10-08 23:53:44 Image size of job updated: 16056
	1  -  MemoryUsage of job (MB)
	300  -  ResidentSetSize of job (KB)
...
006 (154741.050.000) 2022-10-09 00:02:12 Image size of job updated: 572144
	1  -  MemoryUsage of job (MB)
	300  -  ResidentSetSize of job (KB)
...
040 (154741.050.000) 2022-10-09 00:02:12 Started transferring output files
...
040 (154741.050.000) 2022-10-09 00:02:12 Finished transferring output files
...
005 (154741.050.000) 2022-10-09 00:02:12 Job terminated.
	(1) Normal termination (return value 1)
		Usr 0 00:00:01, Sys 0 00:00:00  -  Run Remote Usage
		Usr 0 00:00:00, Sys 0 00:00:00  -  Run Local Usage
		Usr 0 00:00:01, Sys 0 00:00:00  -  Total Remote Usage
		Usr 0 00:00:00, Sys 0 00:00:00  -  Total Local Usage
	3329  -  Run Bytes Sent By Job
	3166  -  Run Bytes Received By Job
	3329  -  Total Bytes Sent By Job
	3166  -  Total Bytes Received By Job
	Partitionable Resources :    Usage  Request Allocated 
	   Cpus                 :        0        1         1 
	   Disk (KB)            :       21        4   2532361 
	   Memory (MB)          :        1        1      1787 

	Job terminated of its own accord at 2022-10-08T16:02:48Z with exit-code 1.
...
