000 (154741.006.000) 2022-10-08 23:49:03 Job submitted from host: <192.168.1.1:9618?addrs=192.168.1.1-9618&alias=farm.phy.pku.edu.cn&noUDP&sock=schedd_2747_cabf>
...
040 (154741.006.000) 2022-10-08 23:51:00 Started transferring input files
	Transferring to host: <192.168.1.103:9618?addrs=192.168.1.103-9618&alias=node03.phy.pku.edu.cn&noUDP&sock=slot57_3233_b0dd_165>
...
040 (154741.006.000) 2022-10-08 23:51:00 Finished transferring input files
...
001 (154741.006.000) 2022-10-08 23:51:01 Job executing on host: <192.168.1.103:9618?addrs=192.168.1.103-9618&alias=node03.phy.pku.edu.cn&noUDP&sock=startd_2720_45b1>
...
006 (154741.006.000) 2022-10-08 23:51:09 Image size of job updated: 16056
	1  -  MemoryUsage of job (MB)
	296  -  ResidentSetSize of job (KB)
...
006 (154741.006.000) 2022-10-08 23:56:09 Image size of job updated: 16056
	1  -  MemoryUsage of job (MB)
	312  -  ResidentSetSize of job (KB)
...
006 (154741.006.000) 2022-10-08 23:56:41 Image size of job updated: 572144
	1  -  MemoryUsage of job (MB)
	312  -  ResidentSetSize of job (KB)
...
040 (154741.006.000) 2022-10-08 23:56:41 Started transferring output files
...
040 (154741.006.000) 2022-10-08 23:56:41 Finished transferring output files
...
005 (154741.006.000) 2022-10-08 23:56:41 Job terminated.
	(1) Normal termination (return value 1)
		Usr 0 00:00:01, Sys 0 00:00:00  -  Run Remote Usage
		Usr 0 00:00:00, Sys 0 00:00:00  -  Run Local Usage
		Usr 0 00:00:01, Sys 0 00:00:00  -  Total Remote Usage
		Usr 0 00:00:00, Sys 0 00:00:00  -  Total Local Usage
	3329  -  Run Bytes Sent By Job
	3172  -  Run Bytes Received By Job
	3329  -  Total Bytes Sent By Job
	3172  -  Total Bytes Received By Job
	Partitionable Resources :    Usage  Request Allocated 
	   Cpus                 :        0        1         1 
	   Disk (KB)            :       21        4   2532361 
	   Memory (MB)          :        1        1      1787 

	Job terminated of its own accord at 2022-10-08T15:57:17Z with exit-code 1.
...
