000 (154741.041.000) 2022-10-08 23:49:03 Job submitted from host: <192.168.1.1:9618?addrs=192.168.1.1-9618&alias=farm.phy.pku.edu.cn&noUDP&sock=schedd_2747_cabf>
...
040 (154741.041.000) 2022-10-08 23:52:51 Started transferring input files
	Transferring to host: <192.168.1.106:9618?addrs=192.168.1.106-9618&alias=node06.phy.pku.edu.cn&noUDP&sock=slot101_3810_3d54_125>
...
040 (154741.041.000) 2022-10-08 23:52:51 Finished transferring input files
...
001 (154741.041.000) 2022-10-08 23:52:52 Job executing on host: <192.168.1.106:9618?addrs=192.168.1.106-9618&alias=node06.phy.pku.edu.cn&noUDP&sock=startd_3291_ee45>
...
006 (154741.041.000) 2022-10-08 23:53:00 Image size of job updated: 2004788
	1  -  MemoryUsage of job (MB)
	292  -  ResidentSetSize of job (KB)
...
040 (154741.041.000) 2022-10-08 23:56:49 Started transferring output files
...
040 (154741.041.000) 2022-10-08 23:56:49 Finished transferring output files
...
005 (154741.041.000) 2022-10-08 23:56:49 Job terminated.
	(1) Normal termination (return value 1)
		Usr 0 00:00:01, Sys 0 00:00:00  -  Run Remote Usage
		Usr 0 00:00:00, Sys 0 00:00:00  -  Run Local Usage
		Usr 0 00:00:01, Sys 0 00:00:00  -  Total Remote Usage
		Usr 0 00:00:00, Sys 0 00:00:00  -  Total Local Usage
	3329  -  Run Bytes Sent By Job
	3166  -  Run Bytes Received By Job
	3329  -  Total Bytes Sent By Job
	3166  -  Total Bytes Received By Job
	Partitionable Resources :    Usage  Request Allocated 
	   Cpus                 :        0        1         1 
	   Disk (KB)            :       21        4   5178274 
	   Memory (MB)          :        1        1      2473 

	Job terminated of its own accord at 2022-10-08T15:56:48Z with exit-code 1.
...
