000 (154741.002.000) 2022-10-08 23:49:03 Job submitted from host: <192.168.1.1:9618?addrs=192.168.1.1-9618&alias=farm.phy.pku.edu.cn&noUDP&sock=schedd_2747_cabf>
...
040 (154741.002.000) 2022-10-08 23:50:54 Started transferring input files
	Transferring to host: <192.168.1.105:9618?addrs=192.168.1.105-9618&alias=node05.phy.pku.edu.cn&noUDP&sock=slot37_3772_7712_114>
...
040 (154741.002.000) 2022-10-08 23:50:54 Finished transferring input files
...
001 (154741.002.000) 2022-10-08 23:50:55 Job executing on host: <192.168.1.105:9618?addrs=192.168.1.105-9618&alias=node05.phy.pku.edu.cn&noUDP&sock=startd_3217_2c43>
...
006 (154741.002.000) 2022-10-08 23:51:03 Image size of job updated: 296
	1  -  MemoryUsage of job (MB)
	296  -  ResidentSetSize of job (KB)
...
006 (154741.002.000) 2022-10-08 23:56:03 Image size of job updated: 16056
	1  -  MemoryUsage of job (MB)
	304  -  ResidentSetSize of job (KB)
...
006 (154741.002.000) 2022-10-08 23:56:33 Image size of job updated: 572104
	1  -  MemoryUsage of job (MB)
	304  -  ResidentSetSize of job (KB)
...
040 (154741.002.000) 2022-10-08 23:56:33 Started transferring output files
...
040 (154741.002.000) 2022-10-08 23:56:33 Finished transferring output files
...
005 (154741.002.000) 2022-10-08 23:56:33 Job terminated.
	(1) Normal termination (return value 1)
		Usr 0 00:00:02, Sys 0 00:00:00  -  Run Remote Usage
		Usr 0 00:00:00, Sys 0 00:00:00  -  Run Local Usage
		Usr 0 00:00:02, Sys 0 00:00:00  -  Total Remote Usage
		Usr 0 00:00:00, Sys 0 00:00:00  -  Total Local Usage
	3328  -  Run Bytes Sent By Job
	3171  -  Run Bytes Received By Job
	3328  -  Total Bytes Sent By Job
	3171  -  Total Bytes Received By Job
	Partitionable Resources :    Usage  Request Allocated 
	   Cpus                 :        0        1         1 
	   Disk (KB)            :       21        4   5202954 
	   Memory (MB)          :        1        1      2473 

	Job terminated of its own accord at 2022-10-08T15:56:33Z with exit-code 1.
...
