000 (154742.028.000) 2022-10-08 23:49:09 Job submitted from host: <192.168.1.1:9618?addrs=192.168.1.1-9618&alias=farm.phy.pku.edu.cn&noUDP&sock=schedd_2747_cabf>
...
040 (154742.028.000) 2022-10-08 23:55:11 Started transferring input files
	Transferring to host: <192.168.1.105:9618?addrs=192.168.1.105-9618&alias=node05.phy.pku.edu.cn&noUDP&sock=slot28_3772_7712_135>
...
040 (154742.028.000) 2022-10-08 23:55:11 Finished transferring input files
...
001 (154742.028.000) 2022-10-08 23:55:12 Job executing on host: <192.168.1.105:9618?addrs=192.168.1.105-9618&alias=node05.phy.pku.edu.cn&noUDP&sock=startd_3217_2c43>
...
006 (154742.028.000) 2022-10-08 23:55:21 Image size of job updated: 16056
	1  -  MemoryUsage of job (MB)
	296  -  ResidentSetSize of job (KB)
...
006 (154742.028.000) 2022-10-08 23:56:50 Image size of job updated: 576204
	1  -  MemoryUsage of job (MB)
	296  -  ResidentSetSize of job (KB)
...
040 (154742.028.000) 2022-10-08 23:56:50 Started transferring output files
...
040 (154742.028.000) 2022-10-08 23:56:50 Finished transferring output files
...
005 (154742.028.000) 2022-10-08 23:56:50 Job terminated.
	(1) Normal termination (return value 1)
		Usr 0 00:00:01, Sys 0 00:00:00  -  Run Remote Usage
		Usr 0 00:00:00, Sys 0 00:00:00  -  Run Local Usage
		Usr 0 00:00:01, Sys 0 00:00:00  -  Total Remote Usage
		Usr 0 00:00:00, Sys 0 00:00:00  -  Total Local Usage
	4274  -  Run Bytes Sent By Job
	3198  -  Run Bytes Received By Job
	4274  -  Total Bytes Sent By Job
	3198  -  Total Bytes Received By Job
	Partitionable Resources :    Usage  Request Allocated 
	   Cpus                 :                 1         1 
	   Disk (KB)            :       17        4   5202954 
	   Memory (MB)          :        1        1      2473 

	Job terminated of its own accord at 2022-10-08T15:56:50Z with exit-code 1.
...
