000 (154742.026.000) 2022-10-08 23:49:09 Job submitted from host: <192.168.1.1:9618?addrs=192.168.1.1-9618&alias=farm.phy.pku.edu.cn&noUDP&sock=schedd_2747_cabf>
...
040 (154742.026.000) 2022-10-08 23:55:09 Started transferring input files
	Transferring to host: <192.168.1.103:9618?addrs=192.168.1.103-9618&alias=node03.phy.pku.edu.cn&noUDP&sock=slot35_3233_b0dd_180>
...
040 (154742.026.000) 2022-10-08 23:55:09 Finished transferring input files
...
001 (154742.026.000) 2022-10-08 23:55:10 Job executing on host: <192.168.1.103:9618?addrs=192.168.1.103-9618&alias=node03.phy.pku.edu.cn&noUDP&sock=startd_2720_45b1>
...
006 (154742.026.000) 2022-10-08 23:55:19 Image size of job updated: 16056
	1  -  MemoryUsage of job (MB)
	296  -  ResidentSetSize of job (KB)
...
006 (154742.026.000) 2022-10-08 23:59:09 Image size of job updated: 576244
	1  -  MemoryUsage of job (MB)
	296  -  ResidentSetSize of job (KB)
...
040 (154742.026.000) 2022-10-08 23:59:09 Started transferring output files
...
040 (154742.026.000) 2022-10-08 23:59:09 Finished transferring output files
...
005 (154742.026.000) 2022-10-08 23:59:09 Job terminated.
	(1) Normal termination (return value 1)
		Usr 0 00:00:01, Sys 0 00:00:00  -  Run Remote Usage
		Usr 0 00:00:00, Sys 0 00:00:00  -  Run Local Usage
		Usr 0 00:00:01, Sys 0 00:00:00  -  Total Remote Usage
		Usr 0 00:00:00, Sys 0 00:00:00  -  Total Local Usage
	4274  -  Run Bytes Sent By Job
	3198  -  Run Bytes Received By Job
	4274  -  Total Bytes Sent By Job
	3198  -  Total Bytes Received By Job
	Partitionable Resources :    Usage  Request Allocated 
	   Cpus                 :        0        1         1 
	   Disk (KB)            :       22        4   2532361 
	   Memory (MB)          :        1        1      1787 

	Job terminated of its own accord at 2022-10-08T15:59:45Z with exit-code 1.
...
