000 (154742.003.000) 2022-10-08 23:49:09 Job submitted from host: <192.168.1.1:9618?addrs=192.168.1.1-9618&alias=farm.phy.pku.edu.cn&noUDP&sock=schedd_2747_cabf>
...
040 (154742.003.000) 2022-10-08 23:54:01 Started transferring input files
	Transferring to host: <192.168.1.105:9618?addrs=192.168.1.105-9618&alias=node05.phy.pku.edu.cn&noUDP&sock=slot71_3772_7712_129>
...
040 (154742.003.000) 2022-10-08 23:54:01 Finished transferring input files
...
001 (154742.003.000) 2022-10-08 23:54:02 Job executing on host: <192.168.1.105:9618?addrs=192.168.1.105-9618&alias=node05.phy.pku.edu.cn&noUDP&sock=startd_3217_2c43>
...
006 (154742.003.000) 2022-10-08 23:54:11 Image size of job updated: 16056
	1  -  MemoryUsage of job (MB)
	292  -  ResidentSetSize of job (KB)
...
006 (154742.003.000) 2022-10-08 23:54:56 Image size of job updated: 572104
	1  -  MemoryUsage of job (MB)
	292  -  ResidentSetSize of job (KB)
...
040 (154742.003.000) 2022-10-08 23:54:56 Started transferring output files
...
040 (154742.003.000) 2022-10-08 23:54:56 Finished transferring output files
...
005 (154742.003.000) 2022-10-08 23:54:56 Job terminated.
	(1) Normal termination (return value 1)
		Usr 0 00:00:01, Sys 0 00:00:00  -  Run Remote Usage
		Usr 0 00:00:00, Sys 0 00:00:00  -  Run Local Usage
		Usr 0 00:00:01, Sys 0 00:00:00  -  Total Remote Usage
		Usr 0 00:00:00, Sys 0 00:00:00  -  Total Local Usage
	4278  -  Run Bytes Sent By Job
	3196  -  Run Bytes Received By Job
	4278  -  Total Bytes Sent By Job
	3196  -  Total Bytes Received By Job
	Partitionable Resources :    Usage  Request Allocated 
	   Cpus                 :                 1         1 
	   Disk (KB)            :       17        4   5202954 
	   Memory (MB)          :        1        1      2473 

	Job terminated of its own accord at 2022-10-08T15:54:56Z with exit-code 1.
...
