000 (154742.031.000) 2022-10-08 23:49:09 Job submitted from host: <192.168.1.1:9618?addrs=192.168.1.1-9618&alias=farm.phy.pku.edu.cn&noUDP&sock=schedd_2747_cabf>
...
040 (154742.031.000) 2022-10-08 23:55:13 Started transferring input files
	Transferring to host: <192.168.1.106:9618?addrs=192.168.1.106-9618&alias=node06.phy.pku.edu.cn&noUDP&sock=slot104_3810_3d54_139>
...
040 (154742.031.000) 2022-10-08 23:55:13 Finished transferring input files
...
001 (154742.031.000) 2022-10-08 23:55:14 Job executing on host: <192.168.1.106:9618?addrs=192.168.1.106-9618&alias=node06.phy.pku.edu.cn&noUDP&sock=startd_3291_ee45>
...
006 (154742.031.000) 2022-10-08 23:55:22 Image size of job updated: 16056
	1  -  MemoryUsage of job (MB)
	292  -  ResidentSetSize of job (KB)
...
006 (154742.031.000) 2022-10-09 00:02:37 Image size of job updated: 572108
	1  -  MemoryUsage of job (MB)
	292  -  ResidentSetSize of job (KB)
...
040 (154742.031.000) 2022-10-09 00:02:37 Started transferring output files
...
040 (154742.031.000) 2022-10-09 00:02:37 Finished transferring output files
...
005 (154742.031.000) 2022-10-09 00:02:37 Job terminated.
	(1) Normal termination (return value 1)
		Usr 0 00:00:01, Sys 0 00:00:00  -  Run Remote Usage
		Usr 0 00:00:00, Sys 0 00:00:00  -  Run Local Usage
		Usr 0 00:00:01, Sys 0 00:00:00  -  Total Remote Usage
		Usr 0 00:00:00, Sys 0 00:00:00  -  Total Local Usage
	4274  -  Run Bytes Sent By Job
	3198  -  Run Bytes Received By Job
	4274  -  Total Bytes Sent By Job
	3198  -  Total Bytes Received By Job
	Partitionable Resources :    Usage  Request Allocated 
	   Cpus                 :        0        1         1 
	   Disk (KB)            :       22        4   5178274 
	   Memory (MB)          :        1        1      2473 

	Job terminated of its own accord at 2022-10-08T16:02:37Z with exit-code 1.
...
