000 (154742.042.000) 2022-10-08 23:49:09 Job submitted from host: <192.168.1.1:9618?addrs=192.168.1.1-9618&alias=farm.phy.pku.edu.cn&noUDP&sock=schedd_2747_cabf>
...
040 (154742.042.000) 2022-10-08 23:55:43 Started transferring input files
	Transferring to host: <192.168.1.105:9618?addrs=192.168.1.105-9618&alias=node05.phy.pku.edu.cn&noUDP&sock=slot85_3772_7712_139>
...
040 (154742.042.000) 2022-10-08 23:55:43 Finished transferring input files
...
001 (154742.042.000) 2022-10-08 23:55:44 Job executing on host: <192.168.1.105:9618?addrs=192.168.1.105-9618&alias=node05.phy.pku.edu.cn&noUDP&sock=startd_3217_2c43>
...
006 (154742.042.000) 2022-10-08 23:55:53 Image size of job updated: 2002524
	1  -  MemoryUsage of job (MB)
	296  -  ResidentSetSize of job (KB)
...
040 (154742.042.000) 2022-10-08 23:57:50 Started transferring output files
...
040 (154742.042.000) 2022-10-08 23:57:50 Finished transferring output files
...
005 (154742.042.000) 2022-10-08 23:57:50 Job terminated.
	(1) Normal termination (return value 1)
		Usr 0 00:00:01, Sys 0 00:00:00  -  Run Remote Usage
		Usr 0 00:00:00, Sys 0 00:00:00  -  Run Local Usage
		Usr 0 00:00:01, Sys 0 00:00:00  -  Total Remote Usage
		Usr 0 00:00:00, Sys 0 00:00:00  -  Total Local Usage
	4276  -  Run Bytes Sent By Job
	3198  -  Run Bytes Received By Job
	4276  -  Total Bytes Sent By Job
	3198  -  Total Bytes Received By Job
	Partitionable Resources :    Usage  Request Allocated 
	   Cpus                 :                 1         1 
	   Disk (KB)            :       17        4   5202954 
	   Memory (MB)          :        1        1      2473 

	Job terminated of its own accord at 2022-10-08T15:57:50Z with exit-code 1.
...
