000 (154742.000.000) 2022-10-08 23:49:09 Job submitted from host: <192.168.1.1:9618?addrs=192.168.1.1-9618&alias=farm.phy.pku.edu.cn&noUDP&sock=schedd_2747_cabf>
...
040 (154742.000.000) 2022-10-08 23:53:49 Started transferring input files
	Transferring to host: <192.168.1.101:9618?addrs=192.168.1.101-9618&alias=node01.phy.pku.edu.cn&noUDP&sock=slot19_2988_10f3_69>
...
040 (154742.000.000) 2022-10-08 23:53:49 Finished transferring input files
...
001 (154742.000.000) 2022-10-08 23:53:50 Job executing on host: <192.168.1.101:9618?addrs=192.168.1.101-9618&alias=node01.phy.pku.edu.cn&noUDP&sock=startd_2468_6bd3>
...
006 (154742.000.000) 2022-10-08 23:53:58 Image size of job updated: 16056
	1  -  MemoryUsage of job (MB)
	296  -  ResidentSetSize of job (KB)
...
006 (154742.000.000) 2022-10-09 00:03:59 Image size of job updated: 572104
	10  -  MemoryUsage of job (MB)
	10096  -  ResidentSetSize of job (KB)
...
040 (154742.000.000) 2022-10-09 00:04:02 Started transferring output files
...
040 (154742.000.000) 2022-10-09 00:04:02 Finished transferring output files
...
005 (154742.000.000) 2022-10-09 00:04:02 Job terminated.
	(1) Normal termination (return value 1)
		Usr 0 00:00:01, Sys 0 00:00:00  -  Run Remote Usage
		Usr 0 00:00:00, Sys 0 00:00:00  -  Run Local Usage
		Usr 0 00:00:01, Sys 0 00:00:00  -  Total Remote Usage
		Usr 0 00:00:00, Sys 0 00:00:00  -  Total Local Usage
	4278  -  Run Bytes Sent By Job
	3196  -  Run Bytes Received By Job
	4278  -  Total Bytes Sent By Job
	3196  -  Total Bytes Received By Job
	Partitionable Resources :    Usage  Request Allocated 
	   Cpus                 :        0        1         1 
	   Disk (KB)            :       22        4   9610055 
	   Memory (MB)          :       10        1      2297 

	Job terminated of its own accord at 2022-10-08T16:04:32Z with exit-code 1.
...
